p/1552232797992.jpg 1 0 0 438 561
p/1552232786848.jpg 1 0 0 451 578
p/1552232779879.jpg 1 0 0 409 590
p/1552232443487.jpg 1 0 0 569 544
p/1552232418151.jpg 1 0 0 443 717
p/1552232412815.jpg 1 0 0 346 607
p/1552232407512.jpg 1 0 0 384 624
p/1552232402503.jpg 1 0 0 363 620
p/1552232396560.jpg 1 0 0 363 552
p/1552232391848.jpg 1 0 0 363 565
p/1552232386392.jpg 1 0 0 304 561
p/1552232381423.jpg 1 0 0 291 594
p/1552232375431.jpg 1 0 0 257 498
p/1552232370407.jpg 1 0 0 215 565
p/1552232364967.jpg 1 0 0 232 527
p/1552232358288.jpg 1 0 0 253 531
p/1552232349864.jpg 1 0 0 295 565
p/1552232341768.jpg 1 0 0 156 156
p/1552232338832.jpg 1 0 0 261 675
p/1552232054928.jpg 1 0 0 327 630
p/1552232049848.jpg 1 0 0 241 512
p/1552232044512.jpg 1 0 0 259 468
p/1552232039152.jpg 1 0 0 256 512
p/1552232033481.jpg 1 0 0 256 530
p/1552232028745.jpg 1 0 0 262 533
p/1552232022816.jpg 1 0 0 182 338
p/1552232012648.jpg 1 0 0 182 303
p/1552232018872.jpg 1 0 0 218 371
p/1552232005929.jpg 1 0 0 229 556
p/1552231986224.jpg 1 0 0 303 559
p/1552231979497.jpg 1 0 0 277 541
p/1552231966802.jpg 1 0 0 256 568
p/1552231960673.jpg 1 0 0 262 568
p/1552231954641.jpg 1 0 0 259 591
p/1552231946625.jpg 1 0 0 424 612